 
New instance of bashtop version: 0.9.25 Pid: 2725775
/tmp/96IAPt6l2YCL/bashtop.psutil:103: DeprecationWarning: 'count' is passed as positional argument
  name = re.sub( ".*" + rem_line + ".*:", "", line,1).lstrip()
 
New instance of bashtop version: 0.9.25 Pid: 2844689
/tmp/o0hFfiun5TFZ/bashtop.psutil:103: DeprecationWarning: 'count' is passed as positional argument
  name = re.sub( ".*" + rem_line + ".*:", "", line,1).lstrip()
 
New instance of bashtop version: 0.9.25 Pid: 3238241
/tmp/G15mB3iXSnVY/bashtop.psutil:103: DeprecationWarning: 'count' is passed as positional argument
  name = re.sub( ".*" + rem_line + ".*:", "", line,1).lstrip()
 
New instance of bashtop version: 0.9.25 Pid: 3239383
/tmp/tHZPsqY8G8Lr/bashtop.psutil:103: DeprecationWarning: 'count' is passed as positional argument
  name = re.sub( ".*" + rem_line + ".*:", "", line,1).lstrip()
 
New instance of bashtop version: 0.9.25 Pid: 3247582
/tmp/eDrRugXDEQpF/bashtop.psutil:103: DeprecationWarning: 'count' is passed as positional argument
  name = re.sub( ".*" + rem_line + ".*:", "", line,1).lstrip()
 
New instance of bashtop version: 0.9.25 Pid: 3248537
/tmp/KtKYgPeBHx31/bashtop.psutil:103: DeprecationWarning: 'count' is passed as positional argument
  name = re.sub( ".*" + rem_line + ".*:", "", line,1).lstrip()
 
New instance of bashtop version: 0.9.25 Pid: 3260438
/tmp/DqKnFxVegLik/bashtop.psutil:103: DeprecationWarning: 'count' is passed as positional argument
  name = re.sub( ".*" + rem_line + ".*:", "", line,1).lstrip()
 
New instance of bashtop version: 0.9.25 Pid: 3261485
/tmp/p2gEevqTT38V/bashtop.psutil:103: DeprecationWarning: 'count' is passed as positional argument
  name = re.sub( ".*" + rem_line + ".*:", "", line,1).lstrip()
 
New instance of bashtop version: 0.9.25 Pid: 3291693
/tmp/IGFVRWu91fsI/bashtop.psutil:103: DeprecationWarning: 'count' is passed as positional argument
  name = re.sub( ".*" + rem_line + ".*:", "", line,1).lstrip()
 
New instance of bashtop version: 0.9.25 Pid: 3292035
/tmp/NmijYJcWGNor/bashtop.psutil:103: DeprecationWarning: 'count' is passed as positional argument
  name = re.sub( ".*" + rem_line + ".*:", "", line,1).lstrip()
 
New instance of bashtop version: 0.9.25 Pid: 3301562
/tmp/OBJHPKa2L2mj/bashtop.psutil:103: DeprecationWarning: 'count' is passed as positional argument
  name = re.sub( ".*" + rem_line + ".*:", "", line,1).lstrip()
 
New instance of bashtop version: 0.9.25 Pid: 3319080
/tmp/p8rUqI9O3oi5/bashtop.psutil:103: DeprecationWarning: 'count' is passed as positional argument
  name = re.sub( ".*" + rem_line + ".*:", "", line,1).lstrip()
 
New instance of bashtop version: 0.9.25 Pid: 3353849
/tmp/V6uyQstVe7nT/bashtop.psutil:103: DeprecationWarning: 'count' is passed as positional argument
  name = re.sub( ".*" + rem_line + ".*:", "", line,1).lstrip()
 
New instance of bashtop version: 0.9.25 Pid: 3391198
/tmp/bxiBBTNapLVO/bashtop.psutil:103: DeprecationWarning: 'count' is passed as positional argument
  name = re.sub( ".*" + rem_line + ".*:", "", line,1).lstrip()
 
New instance of bashtop version: 0.9.25 Pid: 3412265
/tmp/FiJhoclm4Kj1/bashtop.psutil:103: DeprecationWarning: 'count' is passed as positional argument
  name = re.sub( ".*" + rem_line + ".*:", "", line,1).lstrip()
 
New instance of bashtop version: 0.9.25 Pid: 3413329
/tmp/PgcASUeBcp56/bashtop.psutil:103: DeprecationWarning: 'count' is passed as positional argument
  name = re.sub( ".*" + rem_line + ".*:", "", line,1).lstrip()
 
New instance of bashtop version: 0.9.25 Pid: 3435996
/tmp/hkUQaZqRhQFz/bashtop.psutil:103: DeprecationWarning: 'count' is passed as positional argument
  name = re.sub( ".*" + rem_line + ".*:", "", line,1).lstrip()
 
New instance of bashtop version: 0.9.25 Pid: 3478688
/tmp/8VIToD1cY0iG/bashtop.psutil:103: DeprecationWarning: 'count' is passed as positional argument
  name = re.sub( ".*" + rem_line + ".*:", "", line,1).lstrip()
 
New instance of bashtop version: 0.9.25 Pid: 3625839
/tmp/NHMynmGfaKsL/bashtop.psutil:103: DeprecationWarning: 'count' is passed as positional argument
  name = re.sub( ".*" + rem_line + ".*:", "", line,1).lstrip()
 
New instance of bashtop version: 0.9.25 Pid: 3638703
/tmp/T3cOWmRhoMhv/bashtop.psutil:103: DeprecationWarning: 'count' is passed as positional argument
  name = re.sub( ".*" + rem_line + ".*:", "", line,1).lstrip()
 
New instance of bashtop version: 0.9.25 Pid: 3668337
/tmp/K1zjGtM2gNWs/bashtop.psutil:103: DeprecationWarning: 'count' is passed as positional argument
  name = re.sub( ".*" + rem_line + ".*:", "", line,1).lstrip()
 
New instance of bashtop version: 0.9.25 Pid: 3670531
/tmp/oW7d0WlTbkOe/bashtop.psutil:103: DeprecationWarning: 'count' is passed as positional argument
  name = re.sub( ".*" + rem_line + ".*:", "", line,1).lstrip()
 
New instance of bashtop version: 0.9.25 Pid: 3673876
/tmp/IniLEIxXuJnL/bashtop.psutil:103: DeprecationWarning: 'count' is passed as positional argument
  name = re.sub( ".*" + rem_line + ".*:", "", line,1).lstrip()
06:28:48 PM ERROR: On line 4353 
 
New instance of bashtop version: 0.9.25 Pid: 3692095
/tmp/mgvi4SejCV9j/bashtop.psutil:103: DeprecationWarning: 'count' is passed as positional argument
  name = re.sub( ".*" + rem_line + ".*:", "", line,1).lstrip()
 
New instance of bashtop version: 0.9.25 Pid: 3692855
/tmp/4OldxmEOnsGu/bashtop.psutil:103: DeprecationWarning: 'count' is passed as positional argument
  name = re.sub( ".*" + rem_line + ".*:", "", line,1).lstrip()
 
New instance of bashtop version: 0.9.25 Pid: 3693388
/tmp/wOAw9L0CDeCO/bashtop.psutil:103: DeprecationWarning: 'count' is passed as positional argument
  name = re.sub( ".*" + rem_line + ".*:", "", line,1).lstrip()
 
New instance of bashtop version: 0.9.25 Pid: 2445598
/tmp/rZNLSK89wPnV/bashtop.psutil:103: DeprecationWarning: 'count' is passed as positional argument
  name = re.sub( ".*" + rem_line + ".*:", "", line,1).lstrip()
 
New instance of bashtop version: 0.9.25 Pid: 2447209
/tmp/pIa85s5hDqWk/bashtop.psutil:103: DeprecationWarning: 'count' is passed as positional argument
  name = re.sub( ".*" + rem_line + ".*:", "", line,1).lstrip()
 
New instance of bashtop version: 0.9.25 Pid: 2947463
/tmp/QmHHTwDFsxOE/bashtop.psutil:103: DeprecationWarning: 'count' is passed as positional argument
  name = re.sub( ".*" + rem_line + ".*:", "", line,1).lstrip()
 
New instance of bashtop version: 0.9.25 Pid: 2957545
/tmp/s2YHA47gZ6p4/bashtop.psutil:103: DeprecationWarning: 'count' is passed as positional argument
  name = re.sub( ".*" + rem_line + ".*:", "", line,1).lstrip()
 
New instance of bashtop version: 0.9.25 Pid: 2960867
/tmp/ZVL1065vHpT0/bashtop.psutil:103: DeprecationWarning: 'count' is passed as positional argument
  name = re.sub( ".*" + rem_line + ".*:", "", line,1).lstrip()
 
New instance of bashtop version: 0.9.25 Pid: 2968527
/tmp/WaD6vRtzRzrK/bashtop.psutil:103: DeprecationWarning: 'count' is passed as positional argument
  name = re.sub( ".*" + rem_line + ".*:", "", line,1).lstrip()
 
New instance of bashtop version: 0.9.25 Pid: 3039803
/tmp/M3KrPiX7iIEU/bashtop.psutil:103: DeprecationWarning: 'count' is passed as positional argument
  name = re.sub( ".*" + rem_line + ".*:", "", line,1).lstrip()
 
New instance of bashtop version: 0.9.25 Pid: 3057013
/tmp/TDGzpl5yAUKE/bashtop.psutil:103: DeprecationWarning: 'count' is passed as positional argument
  name = re.sub( ".*" + rem_line + ".*:", "", line,1).lstrip()
 
New instance of bashtop version: 0.9.25 Pid: 3070937
/tmp/ZqKDIG4OSadh/bashtop.psutil:103: DeprecationWarning: 'count' is passed as positional argument
  name = re.sub( ".*" + rem_line + ".*:", "", line,1).lstrip()
 
New instance of bashtop version: 0.9.25 Pid: 321943
/tmp/z1aFcCJkUxqK/bashtop.psutil:103: DeprecationWarning: 'count' is passed as positional argument
  name = re.sub( ".*" + rem_line + ".*:", "", line,1).lstrip()
 
New instance of bashtop version: 0.9.25 Pid: 675225
/tmp/RgNB8oXOToIK/bashtop.psutil:103: DeprecationWarning: 'count' is passed as positional argument
  name = re.sub( ".*" + rem_line + ".*:", "", line,1).lstrip()
 
New instance of bashtop version: 0.9.25 Pid: 44284
/tmp/Cffl8snybHOE/bashtop.psutil:103: DeprecationWarning: 'count' is passed as positional argument
  name = re.sub( ".*" + rem_line + ".*:", "", line,1).lstrip()
 
New instance of bashtop version: 0.9.25 Pid: 574571
/tmp/vN85aGIFi0dI/bashtop.psutil:103: DeprecationWarning: 'count' is passed as positional argument
  name = re.sub( ".*" + rem_line + ".*:", "", line,1).lstrip()
 
New instance of bashtop version: 0.9.25 Pid: 1280037
/tmp/cc1SyTt0UG0w/bashtop.psutil:103: DeprecationWarning: 'count' is passed as positional argument
  name = re.sub( ".*" + rem_line + ".*:", "", line,1).lstrip()
 
New instance of bashtop version: 0.9.25 Pid: 1363537
/tmp/HYc4miaq6VhX/bashtop.psutil:103: DeprecationWarning: 'count' is passed as positional argument
  name = re.sub( ".*" + rem_line + ".*:", "", line,1).lstrip()
 
New instance of bashtop version: 0.9.25 Pid: 2600157
/tmp/L7etcB0YDWl5/bashtop.psutil:103: DeprecationWarning: 'count' is passed as positional argument
  name = re.sub( ".*" + rem_line + ".*:", "", line,1).lstrip()
 
New instance of bashtop version: 0.9.25 Pid: 1400889
/tmp/9QUnxqgS4b2R/bashtop.psutil:103: DeprecationWarning: 'count' is passed as positional argument
  name = re.sub( ".*" + rem_line + ".*:", "", line,1).lstrip()
 
New instance of bashtop version: 0.9.25 Pid: 2226402
/tmp/aUCmmwbBxpUL/bashtop.psutil:103: DeprecationWarning: 'count' is passed as positional argument
  name = re.sub( ".*" + rem_line + ".*:", "", line,1).lstrip()
 
New instance of bashtop version: 0.9.25 Pid: 2277417
/tmp/dabfqpfI4YEr/bashtop.psutil:103: DeprecationWarning: 'count' is passed as positional argument
  name = re.sub( ".*" + rem_line + ".*:", "", line,1).lstrip()
 
New instance of bashtop version: 0.9.25 Pid: 268270
/tmp/V3W1YIc14eGh/bashtop.psutil:103: DeprecationWarning: 'count' is passed as positional argument
  name = re.sub( ".*" + rem_line + ".*:", "", line,1).lstrip()
 
New instance of bashtop version: 0.9.25 Pid: 2023935
/tmp/CuE7ZhM9w8fL/bashtop.psutil:103: DeprecationWarning: 'count' is passed as positional argument
  name = re.sub( ".*" + rem_line + ".*:", "", line,1).lstrip()
 
New instance of bashtop version: 0.9.25 Pid: 2505848
/tmp/a7oVttYsFaQX/bashtop.psutil:103: DeprecationWarning: 'count' is passed as positional argument
  name = re.sub( ".*" + rem_line + ".*:", "", line,1).lstrip()
/sbin/bashtop: line 4806: ${pycoproc[1]}: ambiguous redirect
 
New instance of bashtop version: 0.9.25 Pid: 3445069
/tmp/oVj4WXeS3INn/bashtop.psutil:103: DeprecationWarning: 'count' is passed as positional argument
  name = re.sub( ".*" + rem_line + ".*:", "", line,1).lstrip()
 
New instance of bashtop version: 0.9.25 Pid: 39685
/tmp/dwg7zxYSti8u/bashtop.psutil:103: DeprecationWarning: 'count' is passed as positional argument
  name = re.sub( ".*" + rem_line + ".*:", "", line,1).lstrip()
 
New instance of bashtop version: 0.9.25 Pid: 3534223
/tmp/ZQ4O07j1fYw2/bashtop.psutil:103: DeprecationWarning: 'count' is passed as positional argument
  name = re.sub( ".*" + rem_line + ".*:", "", line,1).lstrip()
 
New instance of bashtop version: 0.9.25 Pid: 3535873
/tmp/mqvQ1i0dTBDC/bashtop.psutil:103: DeprecationWarning: 'count' is passed as positional argument
  name = re.sub( ".*" + rem_line + ".*:", "", line,1).lstrip()
 
New instance of bashtop version: 0.9.25 Pid: 3539831
/tmp/P1KjDVXFvZ5r/bashtop.psutil:103: DeprecationWarning: 'count' is passed as positional argument
  name = re.sub( ".*" + rem_line + ".*:", "", line,1).lstrip()
/sbin/bashtop: line 4820: read: -t: invalid file descriptor specification
 
New instance of bashtop version: 0.9.25 Pid: 392772
/tmp/LEjgrXP6D93m/bashtop.psutil:103: DeprecationWarning: 'count' is passed as positional argument
  name = re.sub( ".*" + rem_line + ".*:", "", line,1).lstrip()
 
New instance of bashtop version: 0.9.25 Pid: 128581
/tmp/R3JLwKzNOZE3/bashtop.psutil:103: DeprecationWarning: 'count' is passed as positional argument
  name = re.sub( ".*" + rem_line + ".*:", "", line,1).lstrip()
 
New instance of bashtop version: 0.9.25 Pid: 131878
/tmp/VHXHgPc1Noe7/bashtop.psutil:103: DeprecationWarning: 'count' is passed as positional argument
  name = re.sub( ".*" + rem_line + ".*:", "", line,1).lstrip()
 
New instance of bashtop version: 0.9.25 Pid: 333929
/tmp/thomyCcMmPDd/bashtop.psutil:103: DeprecationWarning: 'count' is passed as positional argument
  name = re.sub( ".*" + rem_line + ".*:", "", line,1).lstrip()
 
New instance of bashtop version: 0.9.25 Pid: 335644
/tmp/hU1MHrJtmCVJ/bashtop.psutil:103: DeprecationWarning: 'count' is passed as positional argument
  name = re.sub( ".*" + rem_line + ".*:", "", line,1).lstrip()
 
New instance of bashtop version: 0.9.25 Pid: 337480
/tmp/4JZgwKONr3JA/bashtop.psutil:103: DeprecationWarning: 'count' is passed as positional argument
  name = re.sub( ".*" + rem_line + ".*:", "", line,1).lstrip()
 
New instance of bashtop version: 0.9.25 Pid: 592636
/tmp/PURetqNJ2Sej/bashtop.psutil:103: DeprecationWarning: 'count' is passed as positional argument
  name = re.sub( ".*" + rem_line + ".*:", "", line,1).lstrip()
 
New instance of bashtop version: 0.9.25 Pid: 2134378
/tmp/tqiV8BHAwvbi/bashtop.psutil:103: DeprecationWarning: 'count' is passed as positional argument
  name = re.sub( ".*" + rem_line + ".*:", "", line,1).lstrip()
 
New instance of bashtop version: 0.9.25 Pid: 1281113
/tmp/Uej9W53DMHGP/bashtop.psutil:103: DeprecationWarning: 'count' is passed as positional argument
  name = re.sub( ".*" + rem_line + ".*:", "", line,1).lstrip()
 
New instance of bashtop version: 0.9.25 Pid: 2525781
/tmp/DkTAfH8GmyHD/bashtop.psutil:103: DeprecationWarning: 'count' is passed as positional argument
  name = re.sub( ".*" + rem_line + ".*:", "", line,1).lstrip()
